<?xml version="1.0" encoding="UTF-8"?>
<testsuite name="Shop"
           tests="1"
           failures="1"
           errors="0"
           skipped="0"
           time="30.907">
  <properties />
            <testcase name="testEasy" time="30.907" classname="testcases.BasicTest">
                <failure type="java.lang.Exception"
                  message="Test Case Failed"
              >
<![CDATA[java.lang.Exception: Test Case Failed
  testcases.BasicTest.testEasy(BasicTest.java:55)
  sun.reflect.NativeMethodAccessorImpl.invoke0(Native Method)
  sun.reflect.NativeMethodAccessorImpl.invoke(NativeMethodAccessorImpl.java:62)
  sun.reflect.DelegatingMethodAccessorImpl.invoke(DelegatingMethodAccessorImpl.java:43)
  java.lang.reflect.Method.invoke(Method.java:498)
  org.testng.internal.MethodInvocationHelper.invokeMethod(MethodInvocationHelper.java:124)
  org.testng.internal.Invoker.invokeMethod(Invoker.java:580)
  org.testng.internal.Invoker.invokeTestMethod(Invoker.java:716)
  org.testng.internal.Invoker.invokeTestMethods(Invoker.java:988)
  org.testng.internal.TestMethodWorker.invokeTestMethods(TestMethodWorker.java:125)
  org.testng.internal.TestMethodWorker.run(TestMethodWorker.java:109)
  org.testng.TestRunner.privateRun(TestRunner.java:648)
  org.testng.TestRunner.run(TestRunner.java:505)
  org.testng.SuiteRunner.runTest(SuiteRunner.java:455)
  org.testng.SuiteRunner.runSequentially(SuiteRunner.java:450)
  org.testng.SuiteRunner.privateRun(SuiteRunner.java:415)
  org.testng.SuiteRunner.run(SuiteRunner.java:364)
  org.testng.SuiteRunnerWorker.runSuite(SuiteRunnerWorker.java:52)
  org.testng.SuiteRunnerWorker.run(SuiteRunnerWorker.java:84)
  org.testng.TestNG.runSuitesSequentially(TestNG.java:1208)
  org.testng.TestNG.runSuitesLocally(TestNG.java:1137)
  org.testng.TestNG.runSuites(TestNG.java:1049)
  org.testng.TestNG.run(TestNG.java:1017)
  org.testng.IDEARemoteTestNG.run(IDEARemoteTestNG.java:72)
  org.testng.RemoteTestNGStarter.main(RemoteTestNGStarter.java:124)
  sun.reflect.NativeMethodAccessorImpl.invoke0(Native Method)
  sun.reflect.NativeMethodAccessorImpl.invoke(NativeMethodAccessorImpl.java:62)
  sun.reflect.DelegatingMethodAccessorImpl.invoke(DelegatingMethodAccessorImpl.java:43)
  java.lang.reflect.Method.invoke(Method.java:498)
  com.intellij.rt.execution.application.AppMain.main(AppMain.java:147)
]]>
      </failure>

          </testcase>
  
  
  
</testsuite>
